Line 60: Class MSAdodcLib.Adodc of control adoLogin was not a loaded control class.
Line 66: The property name _ExtentX in adoLogin is invalid.
Line 67: The property name _ExtentY in adoLogin is invalid.
Line 68: The property name ConnectMode in adoLogin is invalid.
Line 69: The property name CursorLocation in adoLogin is invalid.
Line 70: The property name IsolationLevel in adoLogin is invalid.
Line 71: The property name ConnectionTimeout in adoLogin is invalid.
Line 72: The property name CommandTimeout in adoLogin is invalid.
Line 73: The property name CursorType in adoLogin is invalid.
Line 74: The property name LockType in adoLogin is invalid.
Line 75: The property name CommandType in adoLogin is invalid.
Line 76: The property name CursorOptions in adoLogin is invalid.
Line 77: The property name CacheSize in adoLogin is invalid.
Line 78: The property name MaxRecords in adoLogin is invalid.
Line 79: The property name BOFAction in adoLogin is invalid.
Line 80: The property name EOFAction in adoLogin is invalid.
Line 81: The property name ConnectStringType in adoLogin is invalid.
Line 85: The property name Orientation in adoLogin is invalid.
Line 87: The property name Connect in adoLogin is invalid.
Line 88: The property name OLEDBString in adoLogin is invalid.
Line 89: The property name OLEDBFile in adoLogin is invalid.
Line 90: The property name DataSourceName in adoLogin is invalid.
Line 91: The property name OtherAttributes in adoLogin is invalid.
Line 92: The property name UserName in adoLogin is invalid.
Line 93: The property name Password in adoLogin is invalid.
Line 94: The property name RecordSource in adoLogin is invalid.
Line 95: The property name Caption in adoLogin is invalid.
Line 105: The property name _Version in adoLogin is invalid.
