Line 86: Class MSAdodcLib.Adodc of control adoTest was not a loaded control class.
Line 92: The property name _ExtentX in adoTest is invalid.
Line 93: The property name _ExtentY in adoTest is invalid.
Line 94: The property name ConnectMode in adoTest is invalid.
Line 95: The property name CursorLocation in adoTest is invalid.
Line 96: The property name IsolationLevel in adoTest is invalid.
Line 97: The property name ConnectionTimeout in adoTest is invalid.
Line 98: The property name CommandTimeout in adoTest is invalid.
Line 99: The property name CursorType in adoTest is invalid.
Line 100: The property name LockType in adoTest is invalid.
Line 101: The property name CommandType in adoTest is invalid.
Line 102: The property name CursorOptions in adoTest is invalid.
Line 103: The property name CacheSize in adoTest is invalid.
Line 104: The property name MaxRecords in adoTest is invalid.
Line 105: The property name BOFAction in adoTest is invalid.
Line 106: The property name EOFAction in adoTest is invalid.
Line 107: The property name ConnectStringType in adoTest is invalid.
Line 111: The property name Orientation in adoTest is invalid.
Line 113: The property name Connect in adoTest is invalid.
Line 114: The property name OLEDBString in adoTest is invalid.
Line 115: The property name OLEDBFile in adoTest is invalid.
Line 116: The property name DataSourceName in adoTest is invalid.
Line 117: The property name OtherAttributes in adoTest is invalid.
Line 118: The property name UserName in adoTest is invalid.
Line 119: The property name Password in adoTest is invalid.
Line 120: The property name RecordSource in adoTest is invalid.
Line 121: The property name Caption in adoTest is invalid.
Line 131: The property name _Version in adoTest is invalid.
